2013-03-22 14:23:51,149 [AWT-EventQueue-0] ERROR ejercicio1.CreaCuenta - No se encontro el Driver para JDBC.
2013-03-22 14:25:26,586 [AWT-EventQueue-0] ERROR ejercicio1.CreaCuenta - No se encontro el Driver para JDBC.
2013-03-22 14:25:26,994 [AWT-EventQueue-0] ERROR ejercicio1.CreaCuenta - No se encontro el Driver para JDBC.
2013-03-22 14:25:27,154 [AWT-EventQueue-0] ERROR ejercicio1.CreaCuenta - No se encontro el Driver para JDBC.
2013-03-22 14:25:27,322 [AWT-EventQueue-0] ERROR ejercicio1.CreaCuenta - No se encontro el Driver para JDBC.
2013-03-22 14:25:27,474 [AWT-EventQueue-0] ERROR ejercicio1.CreaCuenta - No se encontro el Driver para JDBC.
2013-03-22 14:25:27,642 [AWT-EventQueue-0] ERROR ejercicio1.CreaCuenta - No se encontro el Driver para JDBC.
2013-03-22 14:25:27,794 [AWT-EventQueue-0] ERROR ejercicio1.CreaCuenta - No se encontro el Driver para JDBC.
2013-03-22 14:25:27,954 [AWT-EventQueue-0] ERROR ejercicio1.CreaCuenta - No se encontro el Driver para JDBC.
2013-03-22 14:25:28,138 [AWT-EventQueue-0] ERROR ejercicio1.CreaCuenta - No se encontro el Driver para JDBC.
2013-03-22 14:25:28,362 [AWT-EventQueue-0] ERROR ejercicio1.CreaCuenta - No se encontro el Driver para JDBC.
2013-03-22 14:25:28,522 [AWT-EventQueue-0] ERROR ejercicio1.CreaCuenta - No se encontro el Driver para JDBC.
2013-03-22 14:25:28,682 [AWT-EventQueue-0] ERROR ejercicio1.CreaCuenta - No se encontro el Driver para JDBC.
2013-03-22 14:27:42,627 [AWT-EventQueue-0] ERROR ejercicio1.CreaCuenta - No se encontro el Driver para JDBC.
2013-03-22 14:27:43,312 [AWT-EventQueue-0] ERROR ejercicio1.CreaCuenta - No se encontro el Driver para JDBC.
2013-03-22 14:27:43,489 [AWT-EventQueue-0] ERROR ejercicio1.CreaCuenta - No se encontro el Driver para JDBC.
2013-03-22 14:27:43,666 [AWT-EventQueue-0] ERROR ejercicio1.CreaCuenta - No se encontro el Driver para JDBC.
2013-03-22 14:27:46,659 [AWT-EventQueue-0] ERROR ejercicio1.CreaCuenta - No se encontro el Driver para JDBC.
2013-03-22 14:27:46,838 [AWT-EventQueue-0] ERROR ejercicio1.CreaCuenta - No se encontro el Driver para JDBC.
2013-03-22 14:27:47,162 [AWT-EventQueue-0] ERROR ejercicio1.CreaCuenta - No se encontro el Driver para JDBC.
2013-03-22 14:29:12,317 [AWT-EventQueue-0] ERROR ejercicio1.CreaCuenta - No se encontro el Driver para JDBC.
2013-03-22 14:29:15,620 [AWT-EventQueue-0] ERROR ejercicio1.CreaCuenta - No se encontro el Driver para JDBC.
2013-03-22 14:29:16,509 [AWT-EventQueue-0] ERROR ejercicio1.CreaCuenta - No se encontro el Driver para JDBC.
2013-03-22 14:29:17,125 [AWT-EventQueue-0] ERROR ejercicio1.CreaCuenta - No se encontro el Driver para JDBC.
2013-03-22 14:29:17,534 [AWT-EventQueue-0] ERROR ejercicio1.CreaCuenta - No se encontro el Driver para JDBC.
2013-03-22 14:29:17,780 [AWT-EventQueue-0] ERROR ejercicio1.CreaCuenta - No se encontro el Driver para JDBC.
2013-03-22 14:29:17,965 [AWT-EventQueue-0] ERROR ejercicio1.CreaCuenta - No se encontro el Driver para JDBC.
2013-03-22 14:29:18,141 [AWT-EventQueue-0] ERROR ejercicio1.CreaCuenta - No se encontro el Driver para JDBC.
2013-03-22 14:29:18,309 [AWT-EventQueue-0] ERROR ejercicio1.CreaCuenta - No se encontro el Driver para JDBC.
2013-03-22 14:29:18,484 [AWT-EventQueue-0] ERROR ejercicio1.CreaCuenta - No se encontro el Driver para JDBC.
2013-03-22 14:29:18,652 [AWT-EventQueue-0] ERROR ejercicio1.CreaCuenta - No se encontro el Driver para JDBC.
2013-03-22 14:29:18,828 [AWT-EventQueue-0] ERROR ejercicio1.CreaCuenta - No se encontro el Driver para JDBC.
2013-03-22 14:29:19,005 [AWT-EventQueue-0] ERROR ejercicio1.CreaCuenta - No se encontro el Driver para JDBC.
2013-03-22 14:29:19,180 [AWT-EventQueue-0] ERROR ejercicio1.CreaCuenta - No se encontro el Driver para JDBC.
2013-03-22 14:29:19,366 [AWT-EventQueue-0] ERROR ejercicio1.CreaCuenta - No se encontro el Driver para JDBC.
2013-03-22 14:29:19,540 [AWT-EventQueue-0] ERROR ejercicio1.CreaCuenta - No se encontro el Driver para JDBC.
2013-03-22 14:29:19,709 [AWT-EventQueue-0] ERROR ejercicio1.CreaCuenta - No se encontro el Driver para JDBC.
2013-03-22 14:29:19,892 [AWT-EventQueue-0] ERROR ejercicio1.CreaCuenta - No se encontro el Driver para JDBC.
2013-03-22 14:29:20,092 [AWT-EventQueue-0] ERROR ejercicio1.CreaCuenta - No se encontro el Driver para JDBC.
2013-03-22 14:29:20,270 [AWT-EventQueue-0] ERROR ejercicio1.CreaCuenta - No se encontro el Driver para JDBC.
2013-03-22 14:29:20,454 [AWT-EventQueue-0] ERROR ejercicio1.CreaCuenta - No se encontro el Driver para JDBC.
2013-03-22 14:29:20,621 [AWT-EventQueue-0] ERROR ejercicio1.CreaCuenta - No se encontro el Driver para JDBC.
2013-03-22 14:29:20,781 [AWT-EventQueue-0] ERROR ejercicio1.CreaCuenta - No se encontro el Driver para JDBC.
2013-03-22 14:29:20,974 [AWT-EventQueue-0] ERROR ejercicio1.CreaCuenta - No se encontro el Driver para JDBC.
2013-03-26 14:26:50,099 [AWT-EventQueue-0] ERROR ejercicio1.CreaCuenta - No se encontro el Driver para JDBC.
2013-03-26 14:46:25,016 [AWT-EventQueue-0] ERROR ejercicio1.CreaCuenta - No se encontro el Driver para JDBC.
2013-03-26 14:48:04,156 [AWT-EventQueue-0] INFO  ejercicio1.CreaCuenta - vamos
2013-03-26 14:48:07,718 [AWT-EventQueue-0] INFO  ejercicio1.CreaCuenta - vamos
2013-03-26 14:48:14,438 [AWT-EventQueue-0] INFO  ejercicio1.CreaCuenta - vamos
2013-03-26 14:48:16,048 [AWT-EventQueue-0] INFO  ejercicio1.CreaCuenta - vamos
2013-03-26 14:51:30,004 [AWT-EventQueue-0] INFO  ejercicio1.CreaCuenta - vamos
2013-03-26 14:52:28,737 [AWT-EventQueue-0] ERROR ejercicio1.CreaCuenta - Error 1045:Access denied for user 'root'@'localhost' (using password: YES)
2013-03-26 14:57:17,980 [AWT-EventQueue-0] INFO  ejercicio1.CreaCuenta - vamos
2013-03-26 14:57:22,140 [AWT-EventQueue-0] INFO  ejercicio1.CreaCuenta - vamos
2013-03-26 14:57:25,440 [AWT-EventQueue-0] INFO  ejercicio1.CreaCuenta - vamos
2013-03-26 14:57:27,730 [AWT-EventQueue-0] INFO  ejercicio1.CreaCuenta - vamos
2013-03-26 15:24:21,068 [main] DEBUG ejercicio1.CreaCuenta - Conectado a la base de datos correctamente.
2013-03-26 15:27:18,506 [main] DEBUG ejercicio1.CreaCuenta - Conectado a la base de datos correctamente.
2013-03-26 17:03:15,085 [main] DEBUG ejercicio1.CreaCuenta - Conectado a la base de datos correctamente.
2013-03-26 17:03:43,040 [AWT-EventQueue-0] DEBUG ejercicio1.CreaCuenta - Cuenta agregada correctamente
2013-03-26 17:04:31,759 [AWT-EventQueue-0] ERROR ejercicio1.CreaCuenta - Error 1062: Duplicate entry '71455052D' for key 'PRIMARY'
2013-03-26 17:04:33,912 [AWT-EventQueue-0] ERROR ejercicio1.CreaCuenta - Error 1062: Duplicate entry '71455052D' for key 'PRIMARY'
2013-03-26 17:04:35,207 [AWT-EventQueue-0] ERROR ejercicio1.CreaCuenta - Error 1062: Duplicate entry '71455052D' for key 'PRIMARY'
2013-03-26 17:04:35,831 [AWT-EventQueue-0] ERROR ejercicio1.CreaCuenta - Error 1062: Duplicate entry '71455052D' for key 'PRIMARY'
2013-03-26 17:04:36,283 [AWT-EventQueue-0] ERROR ejercicio1.CreaCuenta - Error 1062: Duplicate entry '71455052D' for key 'PRIMARY'
2013-03-26 17:04:36,486 [AWT-EventQueue-0] ERROR ejercicio1.CreaCuenta - Error 1062: Duplicate entry '71455052D' for key 'PRIMARY'
2013-03-26 17:04:36,689 [AWT-EventQueue-0] ERROR ejercicio1.CreaCuenta - Error 1062: Duplicate entry '71455052D' for key 'PRIMARY'
2013-03-26 17:04:55,675 [AWT-EventQueue-0] DEBUG ejercicio1.CreaCuenta - Cuenta agregada correctamente
2013-03-26 17:05:14,457 [AWT-EventQueue-0] DEBUG ejercicio1.CreaCuenta - Cuenta agregada correctamente
2013-03-26 17:05:35,954 [AWT-EventQueue-0] DEBUG ejercicio1.CreaCuenta - Cuenta agregada correctamente
2013-03-26 17:10:21,924 [main] DEBUG ejercicio1.CreaCuenta - Conectado a la base de datos correctamente.
2013-03-26 17:10:34,560 [AWT-EventQueue-0] ERROR ejercicio1.CreaCuenta - Error 1062: Duplicate entry '71455052D' for key 'PRIMARY'
2013-03-26 17:10:47,211 [AWT-EventQueue-0] DEBUG ejercicio1.CreaCuenta - Cuenta agregada correctamente
2013-03-26 17:10:50,019 [AWT-EventQueue-0] ERROR ejercicio1.CreaCuenta - Error 1062: Duplicate entry '71455052De' for key 'PRIMARY'
2013-03-26 17:16:39,413 [main] DEBUG ejercicio1.CreaCuenta - Conectado a la base de datos correctamente.
2013-03-26 17:16:49,538 [AWT-EventQueue-0] DEBUG ejercicio1.CreaCuenta - El codigo indicado ya esta en la base de datos
2013-03-26 17:17:02,064 [AWT-EventQueue-0] DEBUG ejercicio1.CreaCuenta - Cuenta agregada correctamente
2013-03-26 17:17:04,888 [AWT-EventQueue-0] DEBUG ejercicio1.CreaCuenta - El codigo indicado ya esta en la base de datos
2013-03-26 17:17:11,674 [AWT-EventQueue-0] DEBUG ejercicio1.CreaCuenta - Cuenta agregada correctamente
2013-03-26 17:17:13,031 [AWT-EventQueue-0] DEBUG ejercicio1.CreaCuenta - El codigo indicado ya esta en la base de datos
2013-03-26 17:17:13,874 [AWT-EventQueue-0] DEBUG ejercicio1.CreaCuenta - El codigo indicado ya esta en la base de datos
2013-03-26 17:17:14,326 [AWT-EventQueue-0] DEBUG ejercicio1.CreaCuenta - El codigo indicado ya esta en la base de datos
2013-03-26 17:17:14,576 [AWT-EventQueue-0] DEBUG ejercicio1.CreaCuenta - El codigo indicado ya esta en la base de datos
2013-03-26 17:17:14,763 [AWT-EventQueue-0] DEBUG ejercicio1.CreaCuenta - El codigo indicado ya esta en la base de datos
2013-03-26 17:17:14,950 [AWT-EventQueue-0] DEBUG ejercicio1.CreaCuenta - El codigo indicado ya esta en la base de datos
2013-03-26 17:17:15,137 [AWT-EventQueue-0] DEBUG ejercicio1.CreaCuenta - El codigo indicado ya esta en la base de datos
2013-03-26 17:17:16,728 [AWT-EventQueue-0] DEBUG ejercicio1.CreaCuenta - Cuenta agregada correctamente
2013-03-26 17:17:17,306 [AWT-EventQueue-0] DEBUG ejercicio1.CreaCuenta - El codigo indicado ya esta en la base de datos
2013-03-26 17:17:18,039 [AWT-EventQueue-0] DEBUG ejercicio1.CreaCuenta - El codigo indicado ya esta en la base de datos
2013-03-26 17:17:19,349 [AWT-EventQueue-0] DEBUG ejercicio1.CreaCuenta - Cuenta agregada correctamente
2013-03-26 17:17:21,284 [AWT-EventQueue-0] DEBUG ejercicio1.CreaCuenta - Cuenta agregada correctamente
2013-03-26 17:17:24,528 [AWT-EventQueue-0] DEBUG ejercicio1.CreaCuenta - El codigo indicado ya esta en la base de datos
2013-03-26 17:18:22,496 [AWT-EventQueue-0] DEBUG ejercicio1.CreaCuenta - Cuenta agregada correctamente
2013-03-29 17:32:15,815 [main] ERROR ejercicio1.CreaCuenta - Error 0: Communications link failure

The last packet sent successfully to the server was 0 milliseconds ago. The driver has not received any packets from the server.
2013-03-29 17:33:14,035 [main] DEBUG ejercicio1.CreaCuenta - Conectado a la base de datos correctamente.
2013-03-29 17:33:19,432 [AWT-EventQueue-0] DEBUG ejercicio1.CreaCuenta - Cuenta agregada correctamente
2013-03-29 17:33:24,471 [AWT-EventQueue-0] DEBUG ejercicio1.CreaCuenta - El codigo indicado ya esta en la base de datos
2013-03-29 18:09:21,758 [main] DEBUG ejercicio1.CreaCuenta - Conectado a la base de datos correctamente.
2013-03-29 18:09:29,330 [AWT-EventQueue-0] DEBUG ejercicio1.CreaCuenta - Cuenta agregada correctamente
2013-03-29 19:17:04,712 [AWT-EventQueue-0] DEBUG ejercicio2.MuestraMovimientos - Conectado a la base de datos correctamente.
2013-03-29 19:17:04,899 [AWT-EventQueue-0] ERROR ejercicio2.MuestraMovimientos - Error 1052: Column 'tipo' in field list is ambiguous
2013-03-29 19:20:24,173 [AWT-EventQueue-0] DEBUG ejercicio2.MuestraMovimientos - Conectado a la base de datos correctamente.
2013-03-29 19:20:24,205 [AWT-EventQueue-0] ERROR ejercicio2.MuestraMovimientos - Error 1052: Column 'tipo' in field list is ambiguous
2013-03-29 19:21:08,556 [AWT-EventQueue-0] DEBUG ejercicio2.MuestraMovimientos - Conectado a la base de datos correctamente.
2013-03-29 19:21:08,571 [AWT-EventQueue-0] ERROR ejercicio2.MuestraMovimientos - Error 1052: Column 'tipo' in field list is ambiguous
2013-03-29 19:25:33,283 [AWT-EventQueue-0] DEBUG ejercicio2.MuestraMovimientos - Conectado a la base de datos correctamente.
2013-03-29 19:25:33,361 [AWT-EventQueue-0] ERROR ejercicio2.MuestraMovimientos - Error 1052: Column 'tipo' in field list is ambiguous
2013-03-29 19:36:58,114 [AWT-EventQueue-0] DEBUG ejercicio2.MuestraMovimientos - Conectado a la base de datos correctamente.
2013-03-29 19:36:58,145 [AWT-EventQueue-0] ERROR ejercicio2.MuestraMovimientos - Error 1052: Column 'tipo' in field list is ambiguous
2013-03-29 23:03:40,892 [AWT-EventQueue-0] DEBUG ejercicio2.MuestraMovimientos - Conectado a la base de datos correctamente.
2013-03-29 23:03:54,089 [AWT-EventQueue-0] DEBUG ejercicio2.MuestraMovimientos - Conectado a la base de datos correctamente.
2013-03-29 23:03:55,181 [AWT-EventQueue-0] DEBUG ejercicio2.MuestraMovimientos - Conectado a la base de datos correctamente.
2013-03-29 23:03:55,836 [AWT-EventQueue-0] DEBUG ejercicio2.MuestraMovimientos - Conectado a la base de datos correctamente.
2013-03-29 23:03:56,055 [AWT-EventQueue-0] DEBUG ejercicio2.MuestraMovimientos - Conectado a la base de datos correctamente.
2013-03-29 23:03:56,273 [AWT-EventQueue-0] DEBUG ejercicio2.MuestraMovimientos - Conectado a la base de datos correctamente.
2013-03-29 23:03:56,476 [AWT-EventQueue-0] DEBUG ejercicio2.MuestraMovimientos - Conectado a la base de datos correctamente.
2013-03-29 23:03:56,663 [AWT-EventQueue-0] DEBUG ejercicio2.MuestraMovimientos - Conectado a la base de datos correctamente.
2013-03-29 23:04:50,468 [AWT-EventQueue-0] DEBUG ejercicio2.MuestraMovimientos - Conectado a la base de datos correctamente.
2013-03-29 23:04:50,499 [AWT-EventQueue-0] DEBUG ejercicio2.MuestraMovimientos - Consulta realizada correctamente.
2013-03-29 23:06:07,735 [AWT-EventQueue-0] DEBUG ejercicio2.MuestraMovimientos - Conectado a la base de datos correctamente.
2013-03-29 23:06:07,766 [AWT-EventQueue-0] DEBUG ejercicio2.MuestraMovimientos - Consulta realizada correctamente.
2013-03-29 23:18:50,530 [AWT-EventQueue-0] DEBUG ejercicio2.MuestraMovimientos - Conectado a la base de datos correctamente.
2013-03-29 23:18:50,577 [AWT-EventQueue-0] DEBUG ejercicio2.MuestraMovimientos - Consulta realizada correctamente.
2013-03-29 23:19:33,508 [AWT-EventQueue-0] DEBUG ejercicio2.MuestraMovimientos - Conectado a la base de datos correctamente.
2013-03-29 23:19:33,524 [AWT-EventQueue-0] DEBUG ejercicio2.MuestraMovimientos - Consulta realizada correctamente.
2013-03-29 23:19:40,294 [AWT-EventQueue-0] DEBUG ejercicio2.MuestraMovimientos - Conectado a la base de datos correctamente.
2013-03-29 23:19:40,294 [AWT-EventQueue-0] DEBUG ejercicio2.MuestraMovimientos - Consulta realizada correctamente.
2013-03-29 23:19:45,037 [AWT-EventQueue-0] DEBUG ejercicio2.MuestraMovimientos - Conectado a la base de datos correctamente.
2013-03-29 23:19:45,037 [AWT-EventQueue-0] DEBUG ejercicio2.MuestraMovimientos - Consulta realizada correctamente.
2013-03-29 23:20:56,422 [AWT-EventQueue-0] DEBUG ejercicio2.MuestraMovimientos - Conectado a la base de datos correctamente.
2013-03-29 23:20:56,454 [AWT-EventQueue-0] DEBUG ejercicio2.MuestraMovimientos - Consulta realizada correctamente.
2013-03-29 23:21:18,996 [AWT-EventQueue-0] DEBUG ejercicio2.MuestraMovimientos - Conectado a la base de datos correctamente.
2013-03-29 23:21:19,011 [AWT-EventQueue-0] DEBUG ejercicio2.MuestraMovimientos - Consulta realizada correctamente.
2013-03-29 23:21:33,160 [AWT-EventQueue-0] DEBUG ejercicio2.MuestraMovimientos - Conectado a la base de datos correctamente.
2013-03-29 23:21:33,207 [AWT-EventQueue-0] DEBUG ejercicio2.MuestraMovimientos - ENtra
2013-03-29 23:21:33,207 [AWT-EventQueue-0] DEBUG ejercicio2.MuestraMovimientos - ENtra
2013-03-29 23:21:33,207 [AWT-EventQueue-0] DEBUG ejercicio2.MuestraMovimientos - ENtra
2013-03-29 23:21:33,207 [AWT-EventQueue-0] DEBUG ejercicio2.MuestraMovimientos - ENtra
2013-03-29 23:21:33,207 [AWT-EventQueue-0] DEBUG ejercicio2.MuestraMovimientos - ENtra
2013-03-29 23:21:33,207 [AWT-EventQueue-0] DEBUG ejercicio2.MuestraMovimientos - ENtra
2013-03-29 23:21:33,207 [AWT-EventQueue-0] DEBUG ejercicio2.MuestraMovimientos - ENtra
2013-03-29 23:21:33,207 [AWT-EventQueue-0] DEBUG ejercicio2.MuestraMovimientos - ENtra
2013-03-29 23:21:33,207 [AWT-EventQueue-0] DEBUG ejercicio2.MuestraMovimientos - ENtra
2013-03-29 23:21:33,207 [AWT-EventQueue-0] DEBUG ejercicio2.MuestraMovimientos - ENtra
2013-03-29 23:21:33,207 [AWT-EventQueue-0] DEBUG ejercicio2.MuestraMovimientos - ENtra
2013-03-29 23:21:33,207 [AWT-EventQueue-0] DEBUG ejercicio2.MuestraMovimientos - ENtra
2013-03-29 23:21:33,207 [AWT-EventQueue-0] DEBUG ejercicio2.MuestraMovimientos - ENtra
2013-03-29 23:21:33,223 [AWT-EventQueue-0] DEBUG ejercicio2.MuestraMovimientos - ENtra
2013-03-29 23:21:33,223 [AWT-EventQueue-0] DEBUG ejercicio2.MuestraMovimientos - ENtra
2013-03-29 23:21:33,223 [AWT-EventQueue-0] DEBUG ejercicio2.MuestraMovimientos - Consulta realizada correctamente.
2013-03-29 23:22:57,416 [AWT-EventQueue-0] DEBUG ejercicio2.MuestraMovimientos - Conectado a la base de datos correctamente.
2013-03-29 23:22:57,447 [AWT-EventQueue-0] DEBUG ejercicio2.MuestraMovimientos - ENtra
2013-03-29 23:22:57,447 [AWT-EventQueue-0] DEBUG ejercicio2.MuestraMovimientos - ENtra
2013-03-29 23:22:57,447 [AWT-EventQueue-0] DEBUG ejercicio2.MuestraMovimientos - ENtra
2013-03-29 23:22:57,447 [AWT-EventQueue-0] DEBUG ejercicio2.MuestraMovimientos - ENtra
2013-03-29 23:22:57,447 [AWT-EventQueue-0] DEBUG ejercicio2.MuestraMovimientos - ENtra
2013-03-29 23:22:57,447 [AWT-EventQueue-0] DEBUG ejercicio2.MuestraMovimientos - ENtra
2013-03-29 23:22:57,463 [AWT-EventQueue-0] DEBUG ejercicio2.MuestraMovimientos - ENtra
2013-03-29 23:22:57,463 [AWT-EventQueue-0] DEBUG ejercicio2.MuestraMovimientos - ENtra
2013-03-29 23:22:57,463 [AWT-EventQueue-0] DEBUG ejercicio2.MuestraMovimientos - ENtra
2013-03-29 23:22:57,463 [AWT-EventQueue-0] DEBUG ejercicio2.MuestraMovimientos - ENtra
2013-03-29 23:22:57,463 [AWT-EventQueue-0] DEBUG ejercicio2.MuestraMovimientos - ENtra
2013-03-29 23:22:57,463 [AWT-EventQueue-0] DEBUG ejercicio2.MuestraMovimientos - ENtra
2013-03-29 23:22:57,463 [AWT-EventQueue-0] DEBUG ejercicio2.MuestraMovimientos - ENtra
2013-03-29 23:22:57,463 [AWT-EventQueue-0] DEBUG ejercicio2.MuestraMovimientos - ENtra
2013-03-29 23:22:57,463 [AWT-EventQueue-0] DEBUG ejercicio2.MuestraMovimientos - ENtra
2013-03-29 23:22:57,463 [AWT-EventQueue-0] DEBUG ejercicio2.MuestraMovimientos - Consulta realizada correctamente.
2013-03-29 23:23:39,193 [AWT-EventQueue-0] DEBUG ejercicio2.MuestraMovimientos - Conectado a la base de datos correctamente.
2013-03-29 23:23:39,240 [AWT-EventQueue-0] DEBUG ejercicio2.MuestraMovimientos - Tipo: 1
2013-03-29 23:23:39,240 [AWT-EventQueue-0] DEBUG ejercicio2.MuestraMovimientos - Tipo: 1
2013-03-29 23:23:39,240 [AWT-EventQueue-0] DEBUG ejercicio2.MuestraMovimientos - Tipo: 1
2013-03-29 23:23:39,240 [AWT-EventQueue-0] DEBUG ejercicio2.MuestraMovimientos - Tipo: 5
2013-03-29 23:23:39,240 [AWT-EventQueue-0] DEBUG ejercicio2.MuestraMovimientos - Tipo: 5
2013-03-29 23:23:39,240 [AWT-EventQueue-0] DEBUG ejercicio2.MuestraMovimientos - Tipo: 5
2013-03-29 23:23:39,240 [AWT-EventQueue-0] DEBUG ejercicio2.MuestraMovimientos - Tipo: 5
2013-03-29 23:23:39,240 [AWT-EventQueue-0] DEBUG ejercicio2.MuestraMovimientos - Tipo: 5
2013-03-29 23:23:39,240 [AWT-EventQueue-0] DEBUG ejercicio2.MuestraMovimientos - Tipo: 5
2013-03-29 23:23:39,240 [AWT-EventQueue-0] DEBUG ejercicio2.MuestraMovimientos - Tipo: 2
2013-03-29 23:23:39,240 [AWT-EventQueue-0] DEBUG ejercicio2.MuestraMovimientos - Tipo: 2
2013-03-29 23:23:39,240 [AWT-EventQueue-0] DEBUG ejercicio2.MuestraMovimientos - Tipo: 2
2013-03-29 23:23:39,240 [AWT-EventQueue-0] DEBUG ejercicio2.MuestraMovimientos - Tipo: 1
2013-03-29 23:23:39,240 [AWT-EventQueue-0] DEBUG ejercicio2.MuestraMovimientos - Tipo: 1
2013-03-29 23:23:39,240 [AWT-EventQueue-0] DEBUG ejercicio2.MuestraMovimientos - Tipo: 1
2013-03-29 23:23:39,240 [AWT-EventQueue-0] DEBUG ejercicio2.MuestraMovimientos - Consulta realizada correctamente.
2013-03-29 23:25:51,108 [AWT-EventQueue-0] DEBUG ejercicio2.MuestraMovimientos - Conectado a la base de datos correctamente.
2013-03-29 23:25:51,155 [AWT-EventQueue-0] DEBUG ejercicio2.MuestraMovimientos - Consulta realizada correctamente.
2013-03-29 23:26:01,810 [AWT-EventQueue-0] DEBUG ejercicio2.MuestraMovimientos - Conectado a la base de datos correctamente.
2013-03-29 23:26:01,810 [AWT-EventQueue-0] DEBUG ejercicio2.MuestraMovimientos - Consulta realizada correctamente.
2013-03-29 23:26:31,091 [AWT-EventQueue-0] DEBUG ejercicio2.MuestraMovimientos - Conectado a la base de datos correctamente.
2013-03-29 23:26:31,138 [AWT-EventQueue-0] ERROR ejercicio2.MuestraMovimientos - Error 0: Parameter index out of range (1 > number of parameters, which is 0).
2013-03-29 23:26:49,312 [AWT-EventQueue-0] DEBUG ejercicio2.MuestraMovimientos - Conectado a la base de datos correctamente.
2013-03-29 23:26:49,343 [AWT-EventQueue-0] DEBUG ejercicio2.MuestraMovimientos - Consulta realizada correctamente.
2013-03-29 23:26:59,764 [AWT-EventQueue-0] DEBUG ejercicio2.MuestraMovimientos - Conectado a la base de datos correctamente.
2013-03-29 23:26:59,779 [AWT-EventQueue-0] DEBUG ejercicio2.MuestraMovimientos - Consulta realizada correctamente.
2013-03-29 23:28:38,231 [AWT-EventQueue-0] DEBUG ejercicio2.MuestraMovimientos - Conectado a la base de datos correctamente.
2013-03-29 23:28:38,262 [AWT-EventQueue-0] DEBUG ejercicio2.MuestraMovimientos - Consulta realizada correctamente.
2013-03-29 23:29:28,978 [AWT-EventQueue-0] DEBUG ejercicio2.MuestraMovimientos - Conectado a la base de datos correctamente.
2013-03-29 23:29:29,025 [AWT-EventQueue-0] DEBUG ejercicio2.MuestraMovimientos - Tipo: 1
2013-03-29 23:29:29,025 [AWT-EventQueue-0] DEBUG ejercicio2.MuestraMovimientos - Tipo: 5
2013-03-29 23:29:29,025 [AWT-EventQueue-0] DEBUG ejercicio2.MuestraMovimientos - Tipo: 5
2013-03-29 23:29:29,025 [AWT-EventQueue-0] DEBUG ejercicio2.MuestraMovimientos - Tipo: 2
2013-03-29 23:29:29,025 [AWT-EventQueue-0] DEBUG ejercicio2.MuestraMovimientos - Tipo: 1
2013-03-29 23:29:29,025 [AWT-EventQueue-0] DEBUG ejercicio2.MuestraMovimientos - Consulta realizada correctamente.
2013-03-29 23:31:15,025 [AWT-EventQueue-0] DEBUG ejercicio2.MuestraMovimientos - Conectado a la base de datos correctamente.
2013-03-29 23:31:15,088 [AWT-EventQueue-0] DEBUG ejercicio2.MuestraMovimientos - Tipo: 1
2013-03-29 23:31:15,088 [AWT-EventQueue-0] DEBUG ejercicio2.MuestraMovimientos - Tipo: 5
2013-03-29 23:31:15,088 [AWT-EventQueue-0] DEBUG ejercicio2.MuestraMovimientos - Tipo: 5
2013-03-29 23:31:15,088 [AWT-EventQueue-0] DEBUG ejercicio2.MuestraMovimientos - Tipo: 2
2013-03-29 23:31:15,088 [AWT-EventQueue-0] DEBUG ejercicio2.MuestraMovimientos - Tipo: 1
2013-03-29 23:31:15,088 [AWT-EventQueue-0] DEBUG ejercicio2.MuestraMovimientos - Consulta realizada correctamente.
2013-03-29 23:31:19,362 [AWT-EventQueue-0] DEBUG ejercicio2.MuestraMovimientos - Conectado a la base de datos correctamente.
2013-03-29 23:31:19,362 [AWT-EventQueue-0] DEBUG ejercicio2.MuestraMovimientos - Tipo: 1
2013-03-29 23:31:19,362 [AWT-EventQueue-0] DEBUG ejercicio2.MuestraMovimientos - Tipo: 5
2013-03-29 23:31:19,362 [AWT-EventQueue-0] DEBUG ejercicio2.MuestraMovimientos - Tipo: 5
2013-03-29 23:31:19,362 [AWT-EventQueue-0] DEBUG ejercicio2.MuestraMovimientos - Tipo: 2
2013-03-29 23:31:19,362 [AWT-EventQueue-0] DEBUG ejercicio2.MuestraMovimientos - Tipo: 1
2013-03-29 23:31:19,362 [AWT-EventQueue-0] DEBUG ejercicio2.MuestraMovimientos - Consulta realizada correctamente.
2013-03-29 23:31:19,861 [AWT-EventQueue-0] DEBUG ejercicio2.MuestraMovimientos - Conectado a la base de datos correctamente.
2013-03-29 23:31:19,861 [AWT-EventQueue-0] DEBUG ejercicio2.MuestraMovimientos - Tipo: 1
2013-03-29 23:31:19,861 [AWT-EventQueue-0] DEBUG ejercicio2.MuestraMovimientos - Tipo: 5
2013-03-29 23:31:19,861 [AWT-EventQueue-0] DEBUG ejercicio2.MuestraMovimientos - Tipo: 5
2013-03-29 23:31:19,861 [AWT-EventQueue-0] DEBUG ejercicio2.MuestraMovimientos - Tipo: 2
2013-03-29 23:31:19,861 [AWT-EventQueue-0] DEBUG ejercicio2.MuestraMovimientos - Tipo: 1
2013-03-29 23:31:19,861 [AWT-EventQueue-0] DEBUG ejercicio2.MuestraMovimientos - Consulta realizada correctamente.
2013-03-29 23:31:20,111 [AWT-EventQueue-0] DEBUG ejercicio2.MuestraMovimientos - Conectado a la base de datos correctamente.
2013-03-29 23:31:20,111 [AWT-EventQueue-0] DEBUG ejercicio2.MuestraMovimientos - Tipo: 1
2013-03-29 23:31:20,111 [AWT-EventQueue-0] DEBUG ejercicio2.MuestraMovimientos - Tipo: 5
2013-03-29 23:31:20,111 [AWT-EventQueue-0] DEBUG ejercicio2.MuestraMovimientos - Tipo: 5
2013-03-29 23:31:20,111 [AWT-EventQueue-0] DEBUG ejercicio2.MuestraMovimientos - Tipo: 2
2013-03-29 23:31:20,111 [AWT-EventQueue-0] DEBUG ejercicio2.MuestraMovimientos - Tipo: 1
2013-03-29 23:31:20,111 [AWT-EventQueue-0] DEBUG ejercicio2.MuestraMovimientos - Consulta realizada correctamente.
2013-03-29 23:31:20,282 [AWT-EventQueue-0] DEBUG ejercicio2.MuestraMovimientos - Conectado a la base de datos correctamente.
2013-03-29 23:31:20,282 [AWT-EventQueue-0] DEBUG ejercicio2.MuestraMovimientos - Tipo: 1
2013-03-29 23:31:20,282 [AWT-EventQueue-0] DEBUG ejercicio2.MuestraMovimientos - Tipo: 5
2013-03-29 23:31:20,282 [AWT-EventQueue-0] DEBUG ejercicio2.MuestraMovimientos - Tipo: 5
2013-03-29 23:31:20,282 [AWT-EventQueue-0] DEBUG ejercicio2.MuestraMovimientos - Tipo: 2
2013-03-29 23:31:20,282 [AWT-EventQueue-0] DEBUG ejercicio2.MuestraMovimientos - Tipo: 1
2013-03-29 23:31:20,282 [AWT-EventQueue-0] DEBUG ejercicio2.MuestraMovimientos - Consulta realizada correctamente.
2013-03-29 23:31:20,501 [AWT-EventQueue-0] DEBUG ejercicio2.MuestraMovimientos - Conectado a la base de datos correctamente.
2013-03-29 23:31:20,501 [AWT-EventQueue-0] DEBUG ejercicio2.MuestraMovimientos - Tipo: 1
2013-03-29 23:31:20,501 [AWT-EventQueue-0] DEBUG ejercicio2.MuestraMovimientos - Tipo: 5
2013-03-29 23:31:20,501 [AWT-EventQueue-0] DEBUG ejercicio2.MuestraMovimientos - Tipo: 5
2013-03-29 23:31:20,501 [AWT-EventQueue-0] DEBUG ejercicio2.MuestraMovimientos - Tipo: 2
2013-03-29 23:31:20,501 [AWT-EventQueue-0] DEBUG ejercicio2.MuestraMovimientos - Tipo: 1
2013-03-29 23:31:20,501 [AWT-EventQueue-0] DEBUG ejercicio2.MuestraMovimientos - Consulta realizada correctamente.
2013-03-29 23:31:49,611 [AWT-EventQueue-0] DEBUG ejercicio2.MuestraMovimientos - Conectado a la base de datos correctamente.
2013-03-29 23:31:49,642 [AWT-EventQueue-0] DEBUG ejercicio2.MuestraMovimientos - Consulta realizada correctamente.
2013-03-29 23:33:05,021 [AWT-EventQueue-0] DEBUG ejercicio2.MuestraMovimientos - Conectado a la base de datos correctamente.
2013-03-29 23:33:05,068 [AWT-EventQueue-0] DEBUG ejercicio2.MuestraMovimientos - Consulta realizada correctamente.
2013-03-29 23:33:08,297 [AWT-EventQueue-0] DEBUG ejercicio2.MuestraMovimientos - Conectado a la base de datos correctamente.
2013-03-29 23:33:08,297 [AWT-EventQueue-0] DEBUG ejercicio2.MuestraMovimientos - Consulta realizada correctamente.
2013-03-29 23:36:39,880 [AWT-EventQueue-0] DEBUG ejercicio2.MuestraMovimientos - Conectado a la base de datos correctamente.
2013-03-29 23:36:39,911 [AWT-EventQueue-0] DEBUG ejercicio2.MuestraMovimientos - Consulta realizada correctamente.
2013-03-29 23:36:41,955 [AWT-EventQueue-0] DEBUG ejercicio2.MuestraMovimientos - Conectado a la base de datos correctamente.
2013-03-29 23:36:41,955 [AWT-EventQueue-0] DEBUG ejercicio2.MuestraMovimientos - Consulta realizada correctamente.
2013-03-29 23:36:43,921 [AWT-EventQueue-0] DEBUG ejercicio2.MuestraMovimientos - Conectado a la base de datos correctamente.
2013-03-29 23:36:43,921 [AWT-EventQueue-0] DEBUG ejercicio2.MuestraMovimientos - Consulta realizada correctamente.
2013-03-29 23:36:44,638 [AWT-EventQueue-0] DEBUG ejercicio2.MuestraMovimientos - Conectado a la base de datos correctamente.
2013-03-29 23:36:44,638 [AWT-EventQueue-0] DEBUG ejercicio2.MuestraMovimientos - Consulta realizada correctamente.
2013-03-29 23:36:45,106 [AWT-EventQueue-0] DEBUG ejercicio2.MuestraMovimientos - Conectado a la base de datos correctamente.
2013-03-29 23:36:45,122 [AWT-EventQueue-0] DEBUG ejercicio2.MuestraMovimientos - Consulta realizada correctamente.
2013-03-29 23:36:45,621 [AWT-EventQueue-0] DEBUG ejercicio2.MuestraMovimientos - Conectado a la base de datos correctamente.
2013-03-29 23:36:45,621 [AWT-EventQueue-0] DEBUG ejercicio2.MuestraMovimientos - Consulta realizada correctamente.
2013-03-29 23:36:46,151 [AWT-EventQueue-0] DEBUG ejercicio2.MuestraMovimientos - Conectado a la base de datos correctamente.
2013-03-29 23:36:46,151 [AWT-EventQueue-0] DEBUG ejercicio2.MuestraMovimientos - Consulta realizada correctamente.
2013-03-29 23:36:46,604 [AWT-EventQueue-0] DEBUG ejercicio2.MuestraMovimientos - Conectado a la base de datos correctamente.
2013-03-29 23:36:46,604 [AWT-EventQueue-0] DEBUG ejercicio2.MuestraMovimientos - Consulta realizada correctamente.
2013-03-29 23:36:47,056 [AWT-EventQueue-0] DEBUG ejercicio2.MuestraMovimientos - Conectado a la base de datos correctamente.
2013-03-29 23:36:47,072 [AWT-EventQueue-0] DEBUG ejercicio2.MuestraMovimientos - Consulta realizada correctamente.
2013-03-29 23:36:47,477 [AWT-EventQueue-0] DEBUG ejercicio2.MuestraMovimientos - Conectado a la base de datos correctamente.
2013-03-29 23:36:47,477 [AWT-EventQueue-0] DEBUG ejercicio2.MuestraMovimientos - Consulta realizada correctamente.
2013-03-29 23:36:47,789 [AWT-EventQueue-0] DEBUG ejercicio2.MuestraMovimientos - Conectado a la base de datos correctamente.
2013-03-29 23:36:47,789 [AWT-EventQueue-0] DEBUG ejercicio2.MuestraMovimientos - Consulta realizada correctamente.
2013-03-29 23:36:48,008 [AWT-EventQueue-0] DEBUG ejercicio2.MuestraMovimientos - Conectado a la base de datos correctamente.
2013-03-29 23:36:48,023 [AWT-EventQueue-0] DEBUG ejercicio2.MuestraMovimientos - Consulta realizada correctamente.
2013-03-29 23:36:48,257 [AWT-EventQueue-0] DEBUG ejercicio2.MuestraMovimientos - Conectado a la base de datos correctamente.
2013-03-29 23:36:48,273 [AWT-EventQueue-0] DEBUG ejercicio2.MuestraMovimientos - Consulta realizada correctamente.
2013-03-29 23:36:48,445 [AWT-EventQueue-0] DEBUG ejercicio2.MuestraMovimientos - Conectado a la base de datos correctamente.
2013-03-29 23:36:48,445 [AWT-EventQueue-0] DEBUG ejercicio2.MuestraMovimientos - Consulta realizada correctamente.
2013-03-29 23:36:48,663 [AWT-EventQueue-0] DEBUG ejercicio2.MuestraMovimientos - Conectado a la base de datos correctamente.
2013-03-29 23:36:48,663 [AWT-EventQueue-0] DEBUG ejercicio2.MuestraMovimientos - Consulta realizada correctamente.
2013-03-29 23:36:48,881 [AWT-EventQueue-0] DEBUG ejercicio2.MuestraMovimientos - Conectado a la base de datos correctamente.
2013-03-29 23:36:48,881 [AWT-EventQueue-0] DEBUG ejercicio2.MuestraMovimientos - Consulta realizada correctamente.
2013-03-29 23:36:49,084 [AWT-EventQueue-0] DEBUG ejercicio2.MuestraMovimientos - Conectado a la base de datos correctamente.
2013-03-29 23:36:49,084 [AWT-EventQueue-0] DEBUG ejercicio2.MuestraMovimientos - Consulta realizada correctamente.
2013-03-29 23:36:49,271 [AWT-EventQueue-0] DEBUG ejercicio2.MuestraMovimientos - Conectado a la base de datos correctamente.
2013-03-29 23:36:49,271 [AWT-EventQueue-0] DEBUG ejercicio2.MuestraMovimientos - Consulta realizada correctamente.
2013-03-29 23:36:49,505 [AWT-EventQueue-0] DEBUG ejercicio2.MuestraMovimientos - Conectado a la base de datos correctamente.
2013-03-29 23:36:49,505 [AWT-EventQueue-0] DEBUG ejercicio2.MuestraMovimientos - Consulta realizada correctamente.
2013-03-29 23:36:49,677 [AWT-EventQueue-0] DEBUG ejercicio2.MuestraMovimientos - Conectado a la base de datos correctamente.
2013-03-29 23:36:49,693 [AWT-EventQueue-0] DEBUG ejercicio2.MuestraMovimientos - Consulta realizada correctamente.
2013-03-29 23:36:49,880 [AWT-EventQueue-0] DEBUG ejercicio2.MuestraMovimientos - Conectado a la base de datos correctamente.
2013-03-29 23:36:49,895 [AWT-EventQueue-0] DEBUG ejercicio2.MuestraMovimientos - Consulta realizada correctamente.
2013-03-29 23:36:51,736 [AWT-EventQueue-0] DEBUG ejercicio2.MuestraMovimientos - Conectado a la base de datos correctamente.
2013-03-29 23:36:51,752 [AWT-EventQueue-0] DEBUG ejercicio2.MuestraMovimientos - Consulta realizada correctamente.
2013-03-29 23:36:52,220 [AWT-EventQueue-0] DEBUG ejercicio2.MuestraMovimientos - Conectado a la base de datos correctamente.
2013-03-29 23:36:52,220 [AWT-EventQueue-0] DEBUG ejercicio2.MuestraMovimientos - Consulta realizada correctamente.
2013-03-29 23:36:52,657 [AWT-EventQueue-0] DEBUG ejercicio2.MuestraMovimientos - Conectado a la base de datos correctamente.
2013-03-29 23:36:52,657 [AWT-EventQueue-0] DEBUG ejercicio2.MuestraMovimientos - Consulta realizada correctamente.
2013-03-29 23:36:53,125 [AWT-EventQueue-0] DEBUG ejercicio2.MuestraMovimientos - Conectado a la base de datos correctamente.
2013-03-29 23:36:53,125 [AWT-EventQueue-0] DEBUG ejercicio2.MuestraMovimientos - Consulta realizada correctamente.
2013-03-29 23:36:53,624 [AWT-EventQueue-0] DEBUG ejercicio2.MuestraMovimientos - Conectado a la base de datos correctamente.
2013-03-29 23:36:53,624 [AWT-EventQueue-0] DEBUG ejercicio2.MuestraMovimientos - Consulta realizada correctamente.
2013-03-29 23:36:54,185 [AWT-EventQueue-0] DEBUG ejercicio2.MuestraMovimientos - Conectado a la base de datos correctamente.
2013-03-29 23:36:54,185 [AWT-EventQueue-0] DEBUG ejercicio2.MuestraMovimientos - Consulta realizada correctamente.
2013-03-29 23:36:56,510 [AWT-EventQueue-0] DEBUG ejercicio2.MuestraMovimientos - Conectado a la base de datos correctamente.
2013-03-29 23:36:56,510 [AWT-EventQueue-0] DEBUG ejercicio2.MuestraMovimientos - Consulta realizada correctamente.
2013-03-29 23:36:58,413 [AWT-EventQueue-0] DEBUG ejercicio2.MuestraMovimientos - Conectado a la base de datos correctamente.
2013-03-29 23:36:58,413 [AWT-EventQueue-0] DEBUG ejercicio2.MuestraMovimientos - Consulta realizada correctamente.
2013-03-29 23:38:21,202 [AWT-EventQueue-0] DEBUG ejercicio2.MuestraMovimientos - Conectado a la base de datos correctamente.
2013-03-29 23:38:21,265 [AWT-EventQueue-0] DEBUG ejercicio2.MuestraMovimientos - Consulta realizada correctamente.
2013-03-29 23:38:23,184 [AWT-EventQueue-0] DEBUG ejercicio2.MuestraMovimientos - Conectado a la base de datos correctamente.
2013-03-29 23:38:24,338 [AWT-EventQueue-0] DEBUG ejercicio2.MuestraMovimientos - Conectado a la base de datos correctamente.
2013-03-29 23:38:25,461 [AWT-EventQueue-0] DEBUG ejercicio2.MuestraMovimientos - Conectado a la base de datos correctamente.
2013-03-29 23:38:25,461 [AWT-EventQueue-0] DEBUG ejercicio2.MuestraMovimientos - Consulta realizada correctamente.
2013-03-29 23:38:26,194 [AWT-EventQueue-0] DEBUG ejercicio2.MuestraMovimientos - Conectado a la base de datos correctamente.
2013-03-29 23:38:27,099 [AWT-EventQueue-0] DEBUG ejercicio2.MuestraMovimientos - Conectado a la base de datos correctamente.
2013-03-29 23:38:27,630 [AWT-EventQueue-0] DEBUG ejercicio2.MuestraMovimientos - Conectado a la base de datos correctamente.
2013-03-29 23:38:27,630 [AWT-EventQueue-0] DEBUG ejercicio2.MuestraMovimientos - Consulta realizada correctamente.
2013-03-29 23:38:28,129 [AWT-EventQueue-0] DEBUG ejercicio2.MuestraMovimientos - Conectado a la base de datos correctamente.
2013-03-29 23:38:28,612 [AWT-EventQueue-0] DEBUG ejercicio2.MuestraMovimientos - Conectado a la base de datos correctamente.
2013-03-29 23:38:29,143 [AWT-EventQueue-0] DEBUG ejercicio2.MuestraMovimientos - Conectado a la base de datos correctamente.
2013-03-29 23:38:29,158 [AWT-EventQueue-0] DEBUG ejercicio2.MuestraMovimientos - Consulta realizada correctamente.
2013-03-29 23:38:30,890 [AWT-EventQueue-0] DEBUG ejercicio2.MuestraMovimientos - Conectado a la base de datos correctamente.
2013-03-29 23:39:04,258 [AWT-EventQueue-0] DEBUG ejercicio2.MuestraMovimientos - Conectado a la base de datos correctamente.
2013-03-29 23:39:04,274 [AWT-EventQueue-0] DEBUG ejercicio2.MuestraMovimientos - 0
2013-03-29 23:39:04,274 [AWT-EventQueue-0] DEBUG ejercicio2.MuestraMovimientos - Consulta realizada correctamente.
2013-03-29 23:39:13,993 [AWT-EventQueue-0] DEBUG ejercicio2.MuestraMovimientos - Conectado a la base de datos correctamente.
2013-03-29 23:39:13,993 [AWT-EventQueue-0] DEBUG ejercicio2.MuestraMovimientos - 0
2013-03-29 23:39:14,009 [AWT-EventQueue-0] DEBUG ejercicio2.MuestraMovimientos - Consulta realizada correctamente.
2013-03-29 23:39:22,479 [AWT-EventQueue-0] DEBUG ejercicio2.MuestraMovimientos - Conectado a la base de datos correctamente.
2013-03-29 23:39:22,479 [AWT-EventQueue-0] DEBUG ejercicio2.MuestraMovimientos - 5
2013-03-29 23:40:47,473 [AWT-EventQueue-0] DEBUG ejercicio2.MuestraMovimientos - Conectado a la base de datos correctamente.
2013-03-29 23:40:47,520 [AWT-EventQueue-0] DEBUG ejercicio2.MuestraMovimientos - Consulta realizada correctamente.
2013-03-29 23:40:50,702 [AWT-EventQueue-0] DEBUG ejercicio2.MuestraMovimientos - Conectado a la base de datos correctamente.
2013-03-29 23:40:50,718 [AWT-EventQueue-0] DEBUG ejercicio2.MuestraMovimientos - Consulta realizada correctamente.
2013-03-29 23:40:54,166 [AWT-EventQueue-0] DEBUG ejercicio2.MuestraMovimientos - Conectado a la base de datos correctamente.
2013-03-29 23:40:54,181 [AWT-EventQueue-0] DEBUG ejercicio2.MuestraMovimientos - Consulta realizada correctamente.
2013-03-29 23:40:55,195 [AWT-EventQueue-0] DEBUG ejercicio2.MuestraMovimientos - Conectado a la base de datos correctamente.
2013-03-29 23:40:55,211 [AWT-EventQueue-0] DEBUG ejercicio2.MuestraMovimientos - Consulta realizada correctamente.
2013-03-29 23:40:56,147 [AWT-EventQueue-0] DEBUG ejercicio2.MuestraMovimientos - Conectado a la base de datos correctamente.
2013-03-29 23:40:56,147 [AWT-EventQueue-0] DEBUG ejercicio2.MuestraMovimientos - Consulta realizada correctamente.
2013-03-29 23:40:56,818 [AWT-EventQueue-0] DEBUG ejercicio2.MuestraMovimientos - Conectado a la base de datos correctamente.
2013-03-29 23:40:56,833 [AWT-EventQueue-0] DEBUG ejercicio2.MuestraMovimientos - Consulta realizada correctamente.
2013-03-29 23:40:57,395 [AWT-EventQueue-0] DEBUG ejercicio2.MuestraMovimientos - Conectado a la base de datos correctamente.
2013-03-29 23:40:57,410 [AWT-EventQueue-0] DEBUG ejercicio2.MuestraMovimientos - Consulta realizada correctamente.
2013-03-29 23:40:57,800 [AWT-EventQueue-0] DEBUG ejercicio2.MuestraMovimientos - Conectado a la base de datos correctamente.
2013-03-29 23:40:57,816 [AWT-EventQueue-0] DEBUG ejercicio2.MuestraMovimientos - Consulta realizada correctamente.
2013-03-29 23:40:58,159 [AWT-EventQueue-0] DEBUG ejercicio2.MuestraMovimientos - Conectado a la base de datos correctamente.
2013-03-29 23:40:58,175 [AWT-EventQueue-0] DEBUG ejercicio2.MuestraMovimientos - Consulta realizada correctamente.
2013-03-29 23:40:58,518 [AWT-EventQueue-0] DEBUG ejercicio2.MuestraMovimientos - Conectado a la base de datos correctamente.
2013-03-29 23:40:58,518 [AWT-EventQueue-0] DEBUG ejercicio2.MuestraMovimientos - Consulta realizada correctamente.
2013-03-29 23:40:58,658 [AWT-EventQueue-0] DEBUG ejercicio2.MuestraMovimientos - Conectado a la base de datos correctamente.
2013-03-29 23:40:58,658 [AWT-EventQueue-0] DEBUG ejercicio2.MuestraMovimientos - Consulta realizada correctamente.
2013-03-29 23:40:58,846 [AWT-EventQueue-0] DEBUG ejercicio2.MuestraMovimientos - Conectado a la base de datos correctamente.
2013-03-29 23:40:58,846 [AWT-EventQueue-0] DEBUG ejercicio2.MuestraMovimientos - Consulta realizada correctamente.
2013-03-29 23:40:59,017 [AWT-EventQueue-0] DEBUG ejercicio2.MuestraMovimientos - Conectado a la base de datos correctamente.
2013-03-29 23:40:59,033 [AWT-EventQueue-0] DEBUG ejercicio2.MuestraMovimientos - Consulta realizada correctamente.
2013-03-29 23:40:59,204 [AWT-EventQueue-0] DEBUG ejercicio2.MuestraMovimientos - Conectado a la base de datos correctamente.
2013-03-29 23:40:59,220 [AWT-EventQueue-0] DEBUG ejercicio2.MuestraMovimientos - Consulta realizada correctamente.
2013-03-29 23:40:59,392 [AWT-EventQueue-0] DEBUG ejercicio2.MuestraMovimientos - Conectado a la base de datos correctamente.
2013-03-29 23:40:59,392 [AWT-EventQueue-0] DEBUG ejercicio2.MuestraMovimientos - Consulta realizada correctamente.
2013-03-29 23:40:59,563 [AWT-EventQueue-0] DEBUG ejercicio2.MuestraMovimientos - Conectado a la base de datos correctamente.
2013-03-29 23:40:59,563 [AWT-EventQueue-0] DEBUG ejercicio2.MuestraMovimientos - Consulta realizada correctamente.
2013-03-29 23:40:59,719 [AWT-EventQueue-0] DEBUG ejercicio2.MuestraMovimientos - Conectado a la base de datos correctamente.
2013-03-29 23:40:59,735 [AWT-EventQueue-0] DEBUG ejercicio2.MuestraMovimientos - Consulta realizada correctamente.
2013-03-29 23:40:59,906 [AWT-EventQueue-0] DEBUG ejercicio2.MuestraMovimientos - Conectado a la base de datos correctamente.
2013-03-29 23:40:59,906 [AWT-EventQueue-0] DEBUG ejercicio2.MuestraMovimientos - Consulta realizada correctamente.
2013-03-29 23:41:00,109 [AWT-EventQueue-0] DEBUG ejercicio2.MuestraMovimientos - Conectado a la base de datos correctamente.
2013-03-29 23:41:00,125 [AWT-EventQueue-0] DEBUG ejercicio2.MuestraMovimientos - Consulta realizada correctamente.
2013-03-29 23:41:00,250 [AWT-EventQueue-0] DEBUG ejercicio2.MuestraMovimientos - Conectado a la base de datos correctamente.
2013-03-29 23:41:00,250 [AWT-EventQueue-0] DEBUG ejercicio2.MuestraMovimientos - Consulta realizada correctamente.
2013-03-29 23:41:00,437 [AWT-EventQueue-0] DEBUG ejercicio2.MuestraMovimientos - Conectado a la base de datos correctamente.
2013-03-29 23:41:00,437 [AWT-EventQueue-0] DEBUG ejercicio2.MuestraMovimientos - Consulta realizada correctamente.
2013-03-29 23:41:03,682 [AWT-EventQueue-0] DEBUG ejercicio2.MuestraMovimientos - Conectado a la base de datos correctamente.
2013-03-29 23:41:03,682 [AWT-EventQueue-0] DEBUG ejercicio2.MuestraMovimientos - Consulta realizada correctamente.
2013-03-29 23:41:04,165 [AWT-EventQueue-0] DEBUG ejercicio2.MuestraMovimientos - Conectado a la base de datos correctamente.
2013-03-29 23:41:04,165 [AWT-EventQueue-0] DEBUG ejercicio2.MuestraMovimientos - Consulta realizada correctamente.
2013-03-29 23:41:04,368 [AWT-EventQueue-0] DEBUG ejercicio2.MuestraMovimientos - Conectado a la base de datos correctamente.
2013-03-29 23:41:04,368 [AWT-EventQueue-0] DEBUG ejercicio2.MuestraMovimientos - Consulta realizada correctamente.
2013-03-29 23:41:07,363 [AWT-EventQueue-0] DEBUG ejercicio2.MuestraMovimientos - Conectado a la base de datos correctamente.
2013-03-29 23:41:07,363 [AWT-EventQueue-0] DEBUG ejercicio2.MuestraMovimientos - Consulta realizada correctamente.
2013-03-29 23:41:07,909 [AWT-EventQueue-0] DEBUG ejercicio2.MuestraMovimientos - Conectado a la base de datos correctamente.
2013-03-29 23:41:07,909 [AWT-EventQueue-0] DEBUG ejercicio2.MuestraMovimientos - Consulta realizada correctamente.
2013-03-29 23:41:08,159 [AWT-EventQueue-0] DEBUG ejercicio2.MuestraMovimientos - Conectado a la base de datos correctamente.
2013-03-29 23:41:08,159 [AWT-EventQueue-0] DEBUG ejercicio2.MuestraMovimientos - Consulta realizada correctamente.
2013-03-29 23:41:08,346 [AWT-EventQueue-0] DEBUG ejercicio2.MuestraMovimientos - Conectado a la base de datos correctamente.
2013-03-29 23:41:08,346 [AWT-EventQueue-0] DEBUG ejercicio2.MuestraMovimientos - Consulta realizada correctamente.
2013-03-29 23:41:08,533 [AWT-EventQueue-0] DEBUG ejercicio2.MuestraMovimientos - Conectado a la base de datos correctamente.
2013-03-29 23:41:08,533 [AWT-EventQueue-0] DEBUG ejercicio2.MuestraMovimientos - Consulta realizada correctamente.
2013-03-29 23:41:13,681 [AWT-EventQueue-0] DEBUG ejercicio2.MuestraMovimientos - Conectado a la base de datos correctamente.
2013-03-29 23:41:13,681 [AWT-EventQueue-0] DEBUG ejercicio2.MuestraMovimientos - Consulta realizada correctamente.
2013-03-29 23:41:15,335 [AWT-EventQueue-0] DEBUG ejercicio2.MuestraMovimientos - Conectado a la base de datos correctamente.
2013-03-29 23:41:15,335 [AWT-EventQueue-0] DEBUG ejercicio2.MuestraMovimientos - Consulta realizada correctamente.
2013-03-29 23:41:16,006 [AWT-EventQueue-0] DEBUG ejercicio2.MuestraMovimientos - Conectado a la base de datos correctamente.
2013-03-29 23:41:16,006 [AWT-EventQueue-0] DEBUG ejercicio2.MuestraMovimientos - Consulta realizada correctamente.
2013-03-29 23:41:24,321 [AWT-EventQueue-0] DEBUG ejercicio2.MuestraMovimientos - Conectado a la base de datos correctamente.
2013-03-29 23:41:24,321 [AWT-EventQueue-0] DEBUG ejercicio2.MuestraMovimientos - Consulta realizada correctamente.
2013-03-29 23:41:24,929 [AWT-EventQueue-0] DEBUG ejercicio2.MuestraMovimientos - Conectado a la base de datos correctamente.
2013-03-29 23:41:24,945 [AWT-EventQueue-0] DEBUG ejercicio2.MuestraMovimientos - Consulta realizada correctamente.
2013-04-05 19:22:14,189 [AWT-EventQueue-0] ERROR ejercicio2.MuestraMovimientos - Error 0: Communications link failure

The last packet sent successfully to the server was 0 milliseconds ago. The driver has not received any packets from the server.
2013-04-05 19:24:35,681 [AWT-EventQueue-0] DEBUG ejercicio2.MuestraMovimientos - Conectado a la base de datos correctamente.
2013-04-05 19:24:35,822 [AWT-EventQueue-0] DEBUG ejercicio2.MuestraMovimientos - Consulta realizada correctamente.
2013-04-05 19:24:49,815 [AWT-EventQueue-0] DEBUG ejercicio2.MuestraMovimientos - Conectado a la base de datos correctamente.
2013-04-05 19:24:49,846 [AWT-EventQueue-0] DEBUG ejercicio2.MuestraMovimientos - Consulta realizada correctamente.
2013-04-05 19:24:55,134 [AWT-EventQueue-0] DEBUG ejercicio2.MuestraMovimientos - Conectado a la base de datos correctamente.
2013-04-05 19:24:55,134 [AWT-EventQueue-0] DEBUG ejercicio2.MuestraMovimientos - Consulta realizada correctamente.
2013-04-05 19:25:59,890 [AWT-EventQueue-0] DEBUG ejercicio2.MuestraMovimientos - Conectado a la base de datos correctamente.
2013-04-05 19:25:59,906 [AWT-EventQueue-0] DEBUG ejercicio2.MuestraMovimientos - Consulta realizada correctamente.
2013-04-05 20:15:53,989 [AWT-EventQueue-0] ERROR ejercicio3.Transferir - Error 1292: Data truncation: Truncated incorrect DOUBLE value: '435fvgf'
2013-04-05 20:18:52,250 [AWT-EventQueue-0] ERROR ejercicio3.Transferir - Error 1292: Data truncation: Truncated incorrect DOUBLE value: '435fvgf'
2013-04-15 20:59:33,162 [main] ERROR ejercicio1.CreaCuenta - Error 0: Communications link failure

The last packet sent successfully to the server was 0 milliseconds ago. The driver has not received any packets from the server.
2013-09-15 14:55:50,787 [AWT-EventQueue-0] ERROR ejercicio3.Transferir - Error 1064: You have an error in your SQL syntax; check the manual that corresponds to your MySQL server version for the right syntax to use near '[time=1379249750761,areFieldsSet=true,areAllFieldsSet=true,lenient=true,zone=sun' at line 1
2013-09-15 14:56:45,244 [AWT-EventQueue-0] ERROR ejercicio3.Transferir - Error 1064: You have an error in your SQL syntax; check the manual that corresponds to your MySQL server version for the right syntax to use near '[time=1379249805230,areFieldsSet=true,areAllFieldsSet=true,lenient=true,zone=sun' at line 1
2013-09-15 15:02:54,669 [AWT-EventQueue-0] ERROR ejercicio3.Transferir - Error 1064: You have an error in your SQL syntax; check the manual that corresponds to your MySQL server version for the right syntax to use near 'Sep 15 15:02:54 CEST 2013' at line 1
2013-09-15 15:03:18,086 [AWT-EventQueue-0] ERROR ejercicio3.Transferir - Error 1292: Data truncation: Incorrect date value: 'Sun Sep 15 15:03:18 CEST 2013' for column 'fecha' at row 1
2013-09-15 15:13:20,160 [AWT-EventQueue-0] ERROR ejercicio3.Transferir - Error 1292: Data truncation: Incorrect date value: '1379250800153' for column 'fecha' at row 1
2013-09-15 15:13:43,222 [AWT-EventQueue-0] ERROR ejercicio3.Transferir - Error 1292: Data truncation: Incorrect date value: 'Sun Sep 15 15:13:43 CEST 2013' for column 'fecha' at row 1
2013-09-15 15:45:31,876 [AWT-EventQueue-0] ERROR ejemplo1.CreaCuenta - Error 0: No operations allowed after statement closed.
2013-09-15 15:45:33,465 [AWT-EventQueue-0] ERROR ejemplo1.CreaCuenta - Error 0: No operations allowed after statement closed.
2013-09-15 15:45:43,651 [AWT-EventQueue-0] ERROR ejemplo1.CreaCuenta - Error 0: No operations allowed after statement closed.
2013-09-15 15:45:44,387 [AWT-EventQueue-0] ERROR ejemplo1.CreaCuenta - Error 0: No operations allowed after statement closed.
2013-09-15 15:45:44,923 [AWT-EventQueue-0] ERROR ejemplo1.CreaCuenta - Error 0: No operations allowed after statement closed.
2013-09-15 15:45:48,595 [AWT-EventQueue-0] ERROR ejemplo1.CreaCuenta - Error 0: No operations allowed after statement closed.
2013-09-15 15:46:16,653 [AWT-EventQueue-0] ERROR ejemplo1.CreaCuenta - Error 0: No operations allowed after statement closed.
2013-09-15 15:47:00,891 [AWT-EventQueue-0] ERROR ejemplo1.CreaCuenta - Error 0: No operations allowed after statement closed.
2013-09-16 12:30:31,510 [AWT-EventQueue-0] ERROR ejemplo2.Transferir - Error 0: Communications link failure

The last packet sent successfully to the server was 0 milliseconds ago. The driver has not received any packets from the server.
